[2024-10-15T06:39:18.025+0000] {taskinstance.py:1103} INFO - Dependencies all met for dep_context=non-requeueable deps ti=<TaskInstance: clever_main_DAG.upload_to_postgres scheduled__2024-10-14T00:20:00+00:00 [queued]>
[2024-10-15T06:39:18.042+0000] {taskinstance.py:1103} INFO - Dependencies all met for dep_context=requeueable deps ti=<TaskInstance: clever_main_DAG.upload_to_postgres scheduled__2024-10-14T00:20:00+00:00 [queued]>
[2024-10-15T06:39:18.043+0000] {taskinstance.py:1308} INFO - Starting attempt 7 of 8
[2024-10-15T06:39:18.060+0000] {taskinstance.py:1327} INFO - Executing <Task(PythonOperator): upload_to_postgres> on 2024-10-14 00:20:00+00:00
[2024-10-15T06:39:18.066+0000] {standard_task_runner.py:57} INFO - Started process 6234 to run task
[2024-10-15T06:39:18.070+0000] {standard_task_runner.py:84} INFO - Running: ['***', 'tasks', 'run', 'clever_main_DAG', 'upload_to_postgres', 'scheduled__2024-10-14T00:20:00+00:00', '--job-id', '30', '--raw', '--subdir', 'DAGS_FOLDER/clever_main_DAG.py', '--cfg-path', '/tmp/tmpa_1u4g5t']
[2024-10-15T06:39:18.073+0000] {standard_task_runner.py:85} INFO - Job 30: Subtask upload_to_postgres
[2024-10-15T06:39:18.201+0000] {task_command.py:410} INFO - Running <TaskInstance: clever_main_DAG.upload_to_postgres scheduled__2024-10-14T00:20:00+00:00 [running]> on host 0d4cebb48579
[2024-10-15T06:39:18.303+0000] {taskinstance.py:1547} INFO - Exporting env vars: AIRFLOW_CTX_DAG_OWNER='alec.ventura, ricardo.motta' AIRFLOW_CTX_DAG_ID='clever_main_DAG' AIRFLOW_CTX_TASK_ID='upload_to_postgres' AIRFLOW_CTX_EXECUTION_DATE='2024-10-14T00:20:00+00:00' AIRFLOW_CTX_TRY_NUMBER='7' AIRFLOW_CTX_DAG_RUN_ID='scheduled__2024-10-14T00:20:00+00:00'
[2024-10-15T06:39:18.305+0000] {logging_mixin.py:149} INFO - Processing parquet file: ./data/GOLD/real_estate_agents_classified/real_estate_agents_classified.parquet
[2024-10-15T06:39:18.468+0000] {logging_mixin.py:149} INFO - Parquet file read successfully. Number of rows: 2864, Number of columns: 72
[2024-10-15T06:39:18.472+0000] {logging_mixin.py:149} INFO - Data types of the columns in the DataFrame:
google_id             object
name                  object
site                  object
subtypes              object
type                  object
                      ...   
review_likes           Int64
rating_scaled        float64
reviews_scaled       float64
photos_scaled        float64
performance_score    float64
Length: 72, dtype: object
[2024-10-15T06:39:18.475+0000] {logging_mixin.py:149} INFO - Checking if table google_agents_data exists...
[2024-10-15T06:39:18.505+0000] {logging_mixin.py:149} INFO - Checking if GOLD data is newer than the current data in google_agents_data...
[2024-10-15T06:39:18.512+0000] {logging_mixin.py:149} INFO - GOLD data is newer. Performing UPSERT.
[2024-10-15T06:44:30.887+0000] {local_task_job_runner.py:292} WARNING - State of this instance has been externally set to restarting. Terminating instance.
[2024-10-15T06:44:30.895+0000] {process_utils.py:135} INFO - Sending Signals.SIGTERM to group 6234. PIDs of all processes in the group: [6234]
[2024-10-15T06:44:30.896+0000] {process_utils.py:86} INFO - Sending the signal Signals.SIGTERM to group 6234
[2024-10-15T06:45:31.981+0000] {process_utils.py:149} WARNING - process psutil.Process(pid=6234, name='airflow task ru', status='sleeping', started='06:39:17') did not respond to SIGTERM. Trying SIGKILL
[2024-10-15T06:45:36.862+0000] {process_utils.py:86} INFO - Sending the signal Signals.SIGKILL to group 6234
[2024-10-15T06:45:37.071+0000] {process_utils.py:79} INFO - Process psutil.Process(pid=6234, name='airflow task ru', status='terminated', exitcode=<Negsignal.SIGKILL: -9>, started='06:39:17') (6234) terminated with exit code Negsignal.SIGKILL
[2024-10-15T06:45:37.077+0000] {standard_task_runner.py:174} ERROR - Job 30 was killed before it finished (likely due to running out of memory)
