[2024-10-15T05:01:47.175+0000] {taskinstance.py:1103} INFO - Dependencies all met for dep_context=non-requeueable deps ti=<TaskInstance: clever_main_DAG.upload_to_postgres scheduled__2024-10-14T00:20:00+00:00 [queued]>
[2024-10-15T05:01:47.189+0000] {taskinstance.py:1103} INFO - Dependencies all met for dep_context=requeueable deps ti=<TaskInstance: clever_main_DAG.upload_to_postgres scheduled__2024-10-14T00:20:00+00:00 [queued]>
[2024-10-15T05:01:47.189+0000] {taskinstance.py:1308} INFO - Starting attempt 3 of 4
[2024-10-15T05:01:47.206+0000] {taskinstance.py:1327} INFO - Executing <Task(PythonOperator): upload_to_postgres> on 2024-10-14 00:20:00+00:00
[2024-10-15T05:01:47.215+0000] {standard_task_runner.py:57} INFO - Started process 4681 to run task
[2024-10-15T05:01:47.218+0000] {standard_task_runner.py:84} INFO - Running: ['***', 'tasks', 'run', 'clever_main_DAG', 'upload_to_postgres', 'scheduled__2024-10-14T00:20:00+00:00', '--job-id', '24', '--raw', '--subdir', 'DAGS_FOLDER/clever_main_DAG.py', '--cfg-path', '/tmp/tmpqb9dlpbj']
[2024-10-15T05:01:47.221+0000] {standard_task_runner.py:85} INFO - Job 24: Subtask upload_to_postgres
[2024-10-15T05:01:47.279+0000] {task_command.py:410} INFO - Running <TaskInstance: clever_main_DAG.upload_to_postgres scheduled__2024-10-14T00:20:00+00:00 [running]> on host 0d4cebb48579
[2024-10-15T05:01:47.370+0000] {taskinstance.py:1547} INFO - Exporting env vars: AIRFLOW_CTX_DAG_OWNER='alec.ventura, ricardo.motta' AIRFLOW_CTX_DAG_ID='clever_main_DAG' AIRFLOW_CTX_TASK_ID='upload_to_postgres' AIRFLOW_CTX_EXECUTION_DATE='2024-10-14T00:20:00+00:00' AIRFLOW_CTX_TRY_NUMBER='3' AIRFLOW_CTX_DAG_RUN_ID='scheduled__2024-10-14T00:20:00+00:00'
[2024-10-15T05:01:47.372+0000] {logging_mixin.py:149} INFO - Processing parquet file: ./data/GOLD/real_estate_agents_classified/real_estate_agents_classified.parquet
[2024-10-15T05:01:47.454+0000] {logging_mixin.py:149} INFO - Parquet file read successfully. Number of rows: 2864, Number of columns: 72
[2024-10-15T05:01:47.458+0000] {logging_mixin.py:149} INFO - Data types of the columns in the DataFrame:
google_id             object
name                  object
site                  object
subtypes              object
type                  object
                      ...   
review_likes           Int64
rating_scaled        float64
reviews_scaled       float64
photos_scaled        float64
performance_score    float64
Length: 72, dtype: object
[2024-10-15T05:01:47.460+0000] {logging_mixin.py:149} INFO - Checking if table google_agents_data exists...
[2024-10-15T05:01:47.470+0000] {logging_mixin.py:149} INFO - Checking if GOLD data is newer than the current data in google_agents_data...
[2024-10-15T05:01:47.474+0000] {logging_mixin.py:149} INFO - GOLD data is newer. Performing UPSERT.
[2024-10-15T05:01:48.534+0000] {logging_mixin.py:149} INFO - Data UPSERT completed for table google_agents_data.
[2024-10-15T05:01:48.535+0000] {logging_mixin.py:149} INFO - Fetching first 5 rows from table: google_agents_data
[2024-10-15T05:01:48.619+0000] {logging_mixin.py:149} INFO -                                google_id  ...                 updated_at
0  0x88d9c7fa6addb759:0xb3b1e5a85f838ed7  ... 2024-10-15 05:01:42.471184
1  0x88d9ea8bc8dd24c5:0xa969832b22de2e00  ... 2024-10-15 05:01:42.471184
2  0x88d9b7a44b3d23e7:0xf21d3381583790b6  ... 2024-10-15 05:01:42.471184
3  0x88d9c0fa56d8048b:0xf1bdb39f000dbca9  ... 2024-10-15 05:01:42.471184
4  0x4cf0f22efa28cb65:0xba283f4346f882b1  ... 2024-10-15 05:01:42.471184

[5 rows x 73 columns]
[2024-10-15T05:01:48.620+0000] {logging_mixin.py:149} INFO - Processing of parquet file ./data/GOLD/real_estate_agents_classified/real_estate_agents_classified.parquet completed.
[2024-10-15T05:01:48.622+0000] {logging_mixin.py:149} INFO - Processing parquet file: ./data/GOLD/fmcsa_company_data/fmcsa_company_data.parquet
[2024-10-15T05:01:48.644+0000] {logging_mixin.py:149} INFO - Parquet file read successfully. Number of rows: 829, Number of columns: 75
[2024-10-15T05:01:48.646+0000] {logging_mixin.py:149} INFO - Data types of the columns in the DataFrame:
usdot_num                                          Int64
user_created                                      object
date_created                         datetime64[ns, UTC]
user_updated                                      object
date_updated                         datetime64[ns, UTC]
                                            ...         
carrier_safety_rating_review_date                 object
carrier_safety_rating_rating                      object
carrier_safety_rating_type                        object
mileage                                            Int64
mileage_year                                      object
Length: 75, dtype: object
[2024-10-15T05:01:48.647+0000] {logging_mixin.py:149} INFO - Checking if table fmcsa_data exists...
[2024-10-15T05:01:48.649+0000] {logging_mixin.py:149} INFO - Checking if GOLD data is newer than the current data in fmcsa_data...
[2024-10-15T05:01:48.651+0000] {logging_mixin.py:149} INFO - GOLD data is newer. Performing UPSERT.
[2024-10-15T05:01:48.996+0000] {logging_mixin.py:149} INFO - Data UPSERT completed for table fmcsa_data.
[2024-10-15T05:01:48.997+0000] {logging_mixin.py:149} INFO - Fetching first 5 rows from table: fmcsa_data
[2024-10-15T05:01:49.088+0000] {logging_mixin.py:149} INFO -    usdot_num  ...                 updated_at
0    1032910  ... 2024-10-15 05:01:42.548997
1    1151019  ... 2024-10-15 05:01:42.548997
2    1151019  ... 2024-10-15 05:01:42.548997
3    1151019  ... 2024-10-15 05:01:42.548997
4    1151019  ... 2024-10-15 05:01:42.548997

[5 rows x 76 columns]
[2024-10-15T05:01:49.089+0000] {logging_mixin.py:149} INFO - Processing of parquet file ./data/GOLD/fmcsa_company_data/fmcsa_company_data.parquet completed.
[2024-10-15T05:01:49.090+0000] {python.py:183} INFO - Done. Returned value was: None
[2024-10-15T05:01:49.101+0000] {taskinstance.py:1350} INFO - Marking task as SUCCESS. dag_id=clever_main_DAG, task_id=upload_to_postgres, execution_date=20241014T002000, start_date=20241015T050147, end_date=20241015T050149
[2024-10-15T05:01:49.157+0000] {local_task_job_runner.py:225} INFO - Task exited with return code 0
[2024-10-15T05:01:49.180+0000] {taskinstance.py:2653} INFO - 0 downstream tasks scheduled from follow-on schedule check
