[2024-10-15T05:07:47.368+0000] {taskinstance.py:1103} INFO - Dependencies all met for dep_context=non-requeueable deps ti=<TaskInstance: clever_main_DAG.upload_to_postgres scheduled__2024-10-14T00:20:00+00:00 [queued]>
[2024-10-15T05:07:47.382+0000] {taskinstance.py:1103} INFO - Dependencies all met for dep_context=requeueable deps ti=<TaskInstance: clever_main_DAG.upload_to_postgres scheduled__2024-10-14T00:20:00+00:00 [queued]>
[2024-10-15T05:07:47.382+0000] {taskinstance.py:1308} INFO - Starting attempt 4 of 5
[2024-10-15T05:07:47.408+0000] {taskinstance.py:1327} INFO - Executing <Task(PythonOperator): upload_to_postgres> on 2024-10-14 00:20:00+00:00
[2024-10-15T05:07:47.416+0000] {standard_task_runner.py:57} INFO - Started process 4797 to run task
[2024-10-15T05:07:47.420+0000] {standard_task_runner.py:84} INFO - Running: ['***', 'tasks', 'run', 'clever_main_DAG', 'upload_to_postgres', 'scheduled__2024-10-14T00:20:00+00:00', '--job-id', '25', '--raw', '--subdir', 'DAGS_FOLDER/clever_main_DAG.py', '--cfg-path', '/tmp/tmp273kq5r1']
[2024-10-15T05:07:47.422+0000] {standard_task_runner.py:85} INFO - Job 25: Subtask upload_to_postgres
[2024-10-15T05:07:47.490+0000] {task_command.py:410} INFO - Running <TaskInstance: clever_main_DAG.upload_to_postgres scheduled__2024-10-14T00:20:00+00:00 [running]> on host 0d4cebb48579
[2024-10-15T05:07:47.613+0000] {taskinstance.py:1547} INFO - Exporting env vars: AIRFLOW_CTX_DAG_OWNER='alec.ventura, ricardo.motta' AIRFLOW_CTX_DAG_ID='clever_main_DAG' AIRFLOW_CTX_TASK_ID='upload_to_postgres' AIRFLOW_CTX_EXECUTION_DATE='2024-10-14T00:20:00+00:00' AIRFLOW_CTX_TRY_NUMBER='4' AIRFLOW_CTX_DAG_RUN_ID='scheduled__2024-10-14T00:20:00+00:00'
[2024-10-15T05:07:47.615+0000] {logging_mixin.py:149} INFO - Processing parquet file: ./data/GOLD/real_estate_agents_classified/real_estate_agents_classified.parquet
[2024-10-15T05:07:47.712+0000] {logging_mixin.py:149} INFO - Parquet file read successfully. Number of rows: 2864, Number of columns: 72
[2024-10-15T05:07:47.716+0000] {logging_mixin.py:149} INFO - Data types of the columns in the DataFrame:
google_id             object
name                  object
site                  object
subtypes              object
type                  object
                      ...   
review_likes           Int64
rating_scaled        float64
reviews_scaled       float64
photos_scaled        float64
performance_score    float64
Length: 72, dtype: object
[2024-10-15T05:07:47.719+0000] {logging_mixin.py:149} INFO - Checking if table google_agents_data exists...
[2024-10-15T05:07:47.729+0000] {logging_mixin.py:149} INFO - Checking if GOLD data is newer than the current data in google_agents_data...
[2024-10-15T05:07:47.733+0000] {logging_mixin.py:149} INFO - No update needed. GOLD data is older or equal to the data in google_agents_data.
[2024-10-15T05:07:47.734+0000] {logging_mixin.py:149} INFO - Processing of parquet file ./data/GOLD/real_estate_agents_classified/real_estate_agents_classified.parquet completed.
[2024-10-15T05:07:47.735+0000] {logging_mixin.py:149} INFO - Processing parquet file: ./data/GOLD/fmcsa_company_data/fmcsa_company_data.parquet
[2024-10-15T05:07:47.765+0000] {logging_mixin.py:149} INFO - Parquet file read successfully. Number of rows: 829, Number of columns: 75
[2024-10-15T05:07:47.768+0000] {logging_mixin.py:149} INFO - Data types of the columns in the DataFrame:
usdot_num                                          Int64
user_created                                      object
date_created                         datetime64[ns, UTC]
user_updated                                      object
date_updated                         datetime64[ns, UTC]
                                            ...         
carrier_safety_rating_review_date                 object
carrier_safety_rating_rating                      object
carrier_safety_rating_type                        object
mileage                                            Int64
mileage_year                                      object
Length: 75, dtype: object
[2024-10-15T05:07:47.773+0000] {logging_mixin.py:149} INFO - Checking if table fmcsa_data exists...
[2024-10-15T05:07:47.777+0000] {logging_mixin.py:149} INFO - Checking if GOLD data is newer than the current data in fmcsa_data...
[2024-10-15T05:07:47.781+0000] {logging_mixin.py:149} INFO - GOLD data is newer. Performing UPSERT.
[2024-10-15T05:07:48.273+0000] {logging_mixin.py:149} INFO - Data UPSERT completed for table fmcsa_data.
[2024-10-15T05:07:48.273+0000] {logging_mixin.py:149} INFO - Fetching first 5 rows from table: fmcsa_data
[2024-10-15T05:07:48.419+0000] {logging_mixin.py:149} INFO -    usdot_num  ...                 updated_at
0    1032910  ... 2024-10-15 05:01:42.548997
1    1151019  ... 2024-10-15 05:01:42.548997
2    1151019  ... 2024-10-15 05:01:42.548997
3    1151019  ... 2024-10-15 05:01:42.548997
4    1151019  ... 2024-10-15 05:01:42.548997

[5 rows x 76 columns]
[2024-10-15T05:07:48.420+0000] {logging_mixin.py:149} INFO - Processing of parquet file ./data/GOLD/fmcsa_company_data/fmcsa_company_data.parquet completed.
[2024-10-15T05:07:48.421+0000] {python.py:183} INFO - Done. Returned value was: None
[2024-10-15T05:07:48.436+0000] {taskinstance.py:1350} INFO - Marking task as SUCCESS. dag_id=clever_main_DAG, task_id=upload_to_postgres, execution_date=20241014T002000, start_date=20241015T050747, end_date=20241015T050748
[2024-10-15T05:07:48.475+0000] {local_task_job_runner.py:225} INFO - Task exited with return code 0
[2024-10-15T05:07:48.499+0000] {taskinstance.py:2653} INFO - 0 downstream tasks scheduled from follow-on schedule check
