[2024-10-15T05:00:13.449+0000] {taskinstance.py:1103} INFO - Dependencies all met for dep_context=non-requeueable deps ti=<TaskInstance: clever_main_DAG.upload_to_postgres scheduled__2024-10-14T00:20:00+00:00 [queued]>
[2024-10-15T05:00:13.469+0000] {taskinstance.py:1103} INFO - Dependencies all met for dep_context=requeueable deps ti=<TaskInstance: clever_main_DAG.upload_to_postgres scheduled__2024-10-14T00:20:00+00:00 [queued]>
[2024-10-15T05:00:13.470+0000] {taskinstance.py:1308} INFO - Starting attempt 2 of 3
[2024-10-15T05:00:13.495+0000] {taskinstance.py:1327} INFO - Executing <Task(PythonOperator): upload_to_postgres> on 2024-10-14 00:20:00+00:00
[2024-10-15T05:00:13.502+0000] {standard_task_runner.py:57} INFO - Started process 4587 to run task
[2024-10-15T05:00:13.505+0000] {standard_task_runner.py:84} INFO - Running: ['***', 'tasks', 'run', 'clever_main_DAG', 'upload_to_postgres', 'scheduled__2024-10-14T00:20:00+00:00', '--job-id', '20', '--raw', '--subdir', 'DAGS_FOLDER/clever_main_DAG.py', '--cfg-path', '/tmp/tmpdvr9jgiw']
[2024-10-15T05:00:13.508+0000] {standard_task_runner.py:85} INFO - Job 20: Subtask upload_to_postgres
[2024-10-15T05:00:13.571+0000] {task_command.py:410} INFO - Running <TaskInstance: clever_main_DAG.upload_to_postgres scheduled__2024-10-14T00:20:00+00:00 [running]> on host 0d4cebb48579
[2024-10-15T05:00:13.672+0000] {taskinstance.py:1547} INFO - Exporting env vars: AIRFLOW_CTX_DAG_OWNER='alec.ventura, ricardo.motta' AIRFLOW_CTX_DAG_ID='clever_main_DAG' AIRFLOW_CTX_TASK_ID='upload_to_postgres' AIRFLOW_CTX_EXECUTION_DATE='2024-10-14T00:20:00+00:00' AIRFLOW_CTX_TRY_NUMBER='2' AIRFLOW_CTX_DAG_RUN_ID='scheduled__2024-10-14T00:20:00+00:00'
[2024-10-15T05:00:13.675+0000] {logging_mixin.py:149} INFO - Processing parquet file: ./data/GOLD/real_estate_agents_classified/real_estate_agents_classified.parquet
[2024-10-15T05:00:13.775+0000] {logging_mixin.py:149} INFO - Parquet file read successfully. Number of rows: 2864, Number of columns: 72
[2024-10-15T05:00:13.779+0000] {logging_mixin.py:149} INFO - Data types of the columns in the DataFrame:
google_id             object
name                  object
site                  object
subtypes              object
type                  object
                      ...   
review_likes           Int64
rating_scaled        float64
reviews_scaled       float64
photos_scaled        float64
performance_score    float64
Length: 72, dtype: object
[2024-10-15T05:00:13.781+0000] {logging_mixin.py:149} INFO - Checking if table google_agents_data exists...
[2024-10-15T05:00:13.791+0000] {logging_mixin.py:149} INFO - Checking if GOLD data is newer than the current data in google_agents_data...
[2024-10-15T05:00:13.797+0000] {logging_mixin.py:149} INFO - GOLD data is newer. Performing UPSERT.
[2024-10-15T05:00:16.497+0000] {logging_mixin.py:149} INFO - Data UPSERT completed for table google_agents_data.
[2024-10-15T05:00:16.498+0000] {logging_mixin.py:149} INFO - Fetching first 5 rows from table: google_agents_data
[2024-10-15T05:00:16.607+0000] {logging_mixin.py:149} INFO -                                google_id  ...                 updated_at
0  0x88d9c7fa6addb759:0xb3b1e5a85f838ed7  ... 2024-10-15 04:55:49.040809
1  0x88d9ea8bc8dd24c5:0xa969832b22de2e00  ... 2024-10-15 04:55:49.040809
2  0x88d9b7a44b3d23e7:0xf21d3381583790b6  ... 2024-10-15 04:55:49.040809
3  0x88d9c0fa56d8048b:0xf1bdb39f000dbca9  ... 2024-10-15 04:55:49.040809
4  0x4cf0f22efa28cb65:0xba283f4346f882b1  ... 2024-10-15 04:55:49.040809

[5 rows x 73 columns]
[2024-10-15T05:00:16.608+0000] {logging_mixin.py:149} INFO - Processing of parquet file ./data/GOLD/real_estate_agents_classified/real_estate_agents_classified.parquet completed.
[2024-10-15T05:00:16.610+0000] {logging_mixin.py:149} INFO - Processing parquet file: ./data/GOLD/fmcsa_company_data/fmcsa_company_data.parquet
[2024-10-15T05:00:16.638+0000] {logging_mixin.py:149} INFO - Parquet file read successfully. Number of rows: 829, Number of columns: 75
[2024-10-15T05:00:16.640+0000] {logging_mixin.py:149} INFO - Data types of the columns in the DataFrame:
usdot_num                                          Int64
user_created                                      object
date_created                         datetime64[ns, UTC]
user_updated                                      object
date_updated                         datetime64[ns, UTC]
                                            ...         
carrier_safety_rating_review_date                 object
carrier_safety_rating_rating                      object
carrier_safety_rating_type                        object
mileage                                            Int64
mileage_year                                      object
Length: 75, dtype: object
[2024-10-15T05:00:16.644+0000] {logging_mixin.py:149} INFO - Checking if table fmcsa_data exists...
[2024-10-15T05:00:16.647+0000] {logging_mixin.py:149} INFO - Table fmcsa_data does not exist. Creating the table.
[2024-10-15T05:00:16.648+0000] {logging_mixin.py:149} INFO - Inferring SQL schema for table: fmcsa_data
[2024-10-15T05:00:16.654+0000] {logging_mixin.py:149} INFO - SQL schema inferred: 
CREATE TABLE IF NOT EXISTS fmcsa_data (
    usdot_num INTEGER,
    user_created TEXT,
    date_created TIMESTAMP,
    user_updated TEXT,
    date_updated TIMESTAMP,
    company_name TEXT,
    company_url TEXT,
    city TEXT,
    state TEXT,
    total_complaints_2021 INTEGER,
    total_complaints_2022 INTEGER,
    total_complaints_2023 INTEGER,
    location TEXT,
    company_type TEXT,
    fmsca_ai_profile TEXT,
    mc_num INTEGER,
    registered_address TEXT,
    mailing_address TEXT,
    phone_number TEXT,
    fax_number TEXT,
    safety_review_date TEXT,
    num_of_trucks INTEGER,
    num_of_tractors INTEGER,
    num_of_trailers INTEGER,
    hhg_authorization BOOLEAN,
    id TEXT,
    complaint_category TEXT,
    complaint_year TEXT,
    complaint_count INTEGER,
    fmcsa_link TEXT,
    entity_type TEXT,
    operating_status TEXT,
    oos_date TEXT,
    legal_name TEXT,
    dba_name TEXT,
    physical_address TEXT,
    phone TEXT,
    duns_number TEXT,
    power_units INTEGER,
    drivers INTEGER,
    mcs_150_form_date TEXT,
    operation_classification TEXT,
    carrier_type TEXT,
    cargo_types TEXT,
    us_vehicle_inspections INTEGER,
    us_driver_inspections INTEGER,
    us_hazmat_inspections INTEGER,
    us_iep_inspections INTEGER,
    us_vehicle_out_of_service INTEGER,
    us_driver_out_of_service INTEGER,
    us_hazmat_out_of_service INTEGER,
    us_iep_out_of_service INTEGER,
    us_vehicle_out_of_service_pct DECIMAL,
    us_driver_out_of_service_pct DECIMAL,
    us_hazmat_out_of_service_pct DECIMAL,
    us_iep_out_of_service_pct DECIMAL,
    us_vehicle_natl_avg_oos_pct DECIMAL,
    us_driver_natl_avg_oos_pct DECIMAL,
    us_hazmat_natl_avg_oos_pct DECIMAL,
    us_crashes_fatal INTEGER,
    us_crashes_injury INTEGER,
    us_crashes_tow INTEGER,
    us_crashes_total INTEGER,
    canadian_vehicle_inspections INTEGER,
    canadian_driver_inspections INTEGER,
    canadian_vehicle_out_of_service INTEGER,
    canadian_driver_out_of_service INTEGER,
    canadian_vehicle_out_of_service_pct DECIMAL,
    canadian_driver_out_of_service_pct DECIMAL,
    carrier_safety_rating_rating_date TEXT,
    carrier_safety_rating_review_date TEXT,
    carrier_safety_rating_rating TEXT,
    carrier_safety_rating_type TEXT,
    mileage INTEGER,
    mileage_year TEXT,
    updated_at TIMESTAMP
);
[2024-10-15T05:00:16.655+0000] {logging_mixin.py:149} INFO - Running SQL command to create or modify the table...
[2024-10-15T05:00:16.665+0000] {logging_mixin.py:149} INFO - SQL command executed successfully.
[2024-10-15T05:00:16.666+0000] {logging_mixin.py:149} INFO - Fetching first 5 rows from table: fmcsa_data
[2024-10-15T05:00:16.675+0000] {logging_mixin.py:149} INFO - Empty DataFrame
Columns: [usdot_num, user_created, date_created, user_updated, date_updated, company_name, company_url, city, state, total_complaints_2021, total_complaints_2022, total_complaints_2023, location, company_type, fmsca_ai_profile, mc_num, registered_address, mailing_address, phone_number, fax_number, safety_review_date, num_of_trucks, num_of_tractors, num_of_trailers, hhg_authorization, id, complaint_category, complaint_year, complaint_count, fmcsa_link, entity_type, operating_status, oos_date, legal_name, dba_name, physical_address, phone, duns_number, power_units, drivers, mcs_150_form_date, operation_classification, carrier_type, cargo_types, us_vehicle_inspections, us_driver_inspections, us_hazmat_inspections, us_iep_inspections, us_vehicle_out_of_service, us_driver_out_of_service, us_hazmat_out_of_service, us_iep_out_of_service, us_vehicle_out_of_service_pct, us_driver_out_of_service_pct, us_hazmat_out_of_service_pct, us_iep_out_of_service_pct, us_vehicle_natl_avg_oos_pct, us_driver_natl_avg_oos_pct, us_hazmat_natl_avg_oos_pct, us_crashes_fatal, us_crashes_injury, us_crashes_tow, us_crashes_total, canadian_vehicle_inspections, canadian_driver_inspections, canadian_vehicle_out_of_service, canadian_driver_out_of_service, canadian_vehicle_out_of_service_pct, canadian_driver_out_of_service_pct, carrier_safety_rating_rating_date, carrier_safety_rating_review_date, carrier_safety_rating_rating, carrier_safety_rating_type, mileage, mileage_year, updated_at]
Index: []
[2024-10-15T05:00:16.676+0000] {logging_mixin.py:149} INFO - Checking if GOLD data is newer than the current data in fmcsa_data...
[2024-10-15T05:00:16.678+0000] {logging_mixin.py:149} INFO - GOLD data is newer. Performing UPSERT.
[2024-10-15T05:00:17.296+0000] {logging_mixin.py:149} INFO - Data UPSERT completed for table fmcsa_data.
[2024-10-15T05:00:17.297+0000] {logging_mixin.py:149} INFO - Fetching first 5 rows from table: fmcsa_data
[2024-10-15T05:00:17.543+0000] {logging_mixin.py:149} INFO -    usdot_num  ...                 updated_at
0    1032910  ... 2024-10-15 04:55:49.117720
1    1151019  ... 2024-10-15 04:55:49.117720
2    1151019  ... 2024-10-15 04:55:49.117720
3    1151019  ... 2024-10-15 04:55:49.117720
4    1151019  ... 2024-10-15 04:55:49.117720

[5 rows x 76 columns]
[2024-10-15T05:00:17.544+0000] {logging_mixin.py:149} INFO - Processing of parquet file ./data/GOLD/fmcsa_company_data/fmcsa_company_data.parquet completed.
[2024-10-15T05:00:17.545+0000] {python.py:183} INFO - Done. Returned value was: None
[2024-10-15T05:00:17.605+0000] {taskinstance.py:1350} INFO - Marking task as SUCCESS. dag_id=clever_main_DAG, task_id=upload_to_postgres, execution_date=20241014T002000, start_date=20241015T050013, end_date=20241015T050017
[2024-10-15T05:00:17.659+0000] {local_task_job_runner.py:225} INFO - Task exited with return code 0
[2024-10-15T05:00:17.706+0000] {taskinstance.py:2653} INFO - 0 downstream tasks scheduled from follow-on schedule check
