[2024-10-15T11:46:16.033+0000] {taskinstance.py:1103} INFO - Dependencies all met for dep_context=non-requeueable deps ti=<TaskInstance: clever_main_DAG.process_silver_to_gold manual__2024-10-15T02:39:24.853796+00:00 [queued]>
[2024-10-15T11:46:16.046+0000] {taskinstance.py:1103} INFO - Dependencies all met for dep_context=requeueable deps ti=<TaskInstance: clever_main_DAG.process_silver_to_gold manual__2024-10-15T02:39:24.853796+00:00 [queued]>
[2024-10-15T11:46:16.046+0000] {taskinstance.py:1308} INFO - Starting attempt 8 of 9
[2024-10-15T11:46:16.062+0000] {taskinstance.py:1327} INFO - Executing <Task(PythonOperator): process_silver_to_gold> on 2024-10-15 02:39:24.853796+00:00
[2024-10-15T11:46:16.075+0000] {standard_task_runner.py:57} INFO - Started process 903 to run task
[2024-10-15T11:46:16.078+0000] {standard_task_runner.py:84} INFO - Running: ['***', 'tasks', 'run', 'clever_main_DAG', 'process_silver_to_gold', 'manual__2024-10-15T02:39:24.853796+00:00', '--job-id', '48', '--raw', '--subdir', 'DAGS_FOLDER/clever_main_DAG.py', '--cfg-path', '/tmp/tmpl4b9eudi']
[2024-10-15T11:46:16.081+0000] {standard_task_runner.py:85} INFO - Job 48: Subtask process_silver_to_gold
[2024-10-15T11:46:16.134+0000] {task_command.py:410} INFO - Running <TaskInstance: clever_main_DAG.process_silver_to_gold manual__2024-10-15T02:39:24.853796+00:00 [running]> on host 0d4cebb48579
[2024-10-15T11:46:16.341+0000] {taskinstance.py:1547} INFO - Exporting env vars: AIRFLOW_CTX_DAG_OWNER='alec.ventura, ricardo.motta' AIRFLOW_CTX_DAG_ID='clever_main_DAG' AIRFLOW_CTX_TASK_ID='process_silver_to_gold' AIRFLOW_CTX_EXECUTION_DATE='2024-10-15T02:39:24.853796+00:00' AIRFLOW_CTX_TRY_NUMBER='8' AIRFLOW_CTX_DAG_RUN_ID='manual__2024-10-15T02:39:24.853796+00:00'
[2024-10-15T11:46:17.355+0000] {logging_mixin.py:149} INFO - df_profiles: (5865, 49)
[2024-10-15T11:46:17.878+0000] {logging_mixin.py:149} INFO - df_reviews: (12039, 27)
[2024-10-15T11:46:18.056+0000] {logging_mixin.py:149} INFO - df_joined_google: (17818, 75)
[2024-10-15T11:46:18.108+0000] {logging_mixin.py:149} INFO - df_joined_google_suf: (17818, 68)
[2024-10-15T11:46:18.149+0000] {logging_mixin.py:149} INFO - df_classified: (2864, 72)
[2024-10-15T11:46:18.281+0000] {logging_mixin.py:149} INFO - GOLD file does not exist. Inserting new data.
[2024-10-15T11:46:18.281+0000] {logging_mixin.py:149} INFO - df_gold: (2864, 72)
[2024-10-15T11:46:18.391+0000] {logging_mixin.py:149} INFO - GOLD file does not exist. Inserting new data.
[2024-10-15T11:46:18.391+0000] {logging_mixin.py:149} INFO - df_gold: (829, 75)
[2024-10-15T11:46:18.451+0000] {python.py:183} INFO - Done. Returned value was: None
[2024-10-15T11:46:18.463+0000] {taskinstance.py:1350} INFO - Marking task as SUCCESS. dag_id=clever_main_DAG, task_id=process_silver_to_gold, execution_date=20241015T023924, start_date=20241015T114616, end_date=20241015T114618
[2024-10-15T11:46:18.502+0000] {local_task_job_runner.py:225} INFO - Task exited with return code 0
[2024-10-15T11:46:18.532+0000] {taskinstance.py:2653} INFO - 0 downstream tasks scheduled from follow-on schedule check
