[2024-10-15T11:51:16.305+0000] {taskinstance.py:1103} INFO - Dependencies all met for dep_context=non-requeueable deps ti=<TaskInstance: clever_main_DAG.process_silver_to_gold manual__2024-10-15T02:39:24.853796+00:00 [queued]>
[2024-10-15T11:51:16.317+0000] {taskinstance.py:1103} INFO - Dependencies all met for dep_context=requeueable deps ti=<TaskInstance: clever_main_DAG.process_silver_to_gold manual__2024-10-15T02:39:24.853796+00:00 [queued]>
[2024-10-15T11:51:16.318+0000] {taskinstance.py:1308} INFO - Starting attempt 9 of 10
[2024-10-15T11:51:16.334+0000] {taskinstance.py:1327} INFO - Executing <Task(PythonOperator): process_silver_to_gold> on 2024-10-15 02:39:24.853796+00:00
[2024-10-15T11:51:16.347+0000] {standard_task_runner.py:57} INFO - Started process 1007 to run task
[2024-10-15T11:51:16.350+0000] {standard_task_runner.py:84} INFO - Running: ['***', 'tasks', 'run', 'clever_main_DAG', 'process_silver_to_gold', 'manual__2024-10-15T02:39:24.853796+00:00', '--job-id', '50', '--raw', '--subdir', 'DAGS_FOLDER/clever_main_DAG.py', '--cfg-path', '/tmp/tmpgda7upxi']
[2024-10-15T11:51:16.353+0000] {standard_task_runner.py:85} INFO - Job 50: Subtask process_silver_to_gold
[2024-10-15T11:51:16.410+0000] {task_command.py:410} INFO - Running <TaskInstance: clever_main_DAG.process_silver_to_gold manual__2024-10-15T02:39:24.853796+00:00 [running]> on host 0d4cebb48579
[2024-10-15T11:51:16.528+0000] {taskinstance.py:1547} INFO - Exporting env vars: AIRFLOW_CTX_DAG_OWNER='alec.ventura, ricardo.motta' AIRFLOW_CTX_DAG_ID='clever_main_DAG' AIRFLOW_CTX_TASK_ID='process_silver_to_gold' AIRFLOW_CTX_EXECUTION_DATE='2024-10-15T02:39:24.853796+00:00' AIRFLOW_CTX_TRY_NUMBER='9' AIRFLOW_CTX_DAG_RUN_ID='manual__2024-10-15T02:39:24.853796+00:00'
[2024-10-15T11:51:16.648+0000] {logging_mixin.py:149} INFO - df_profiles: (5865, 49)
[2024-10-15T11:51:16.740+0000] {logging_mixin.py:149} INFO - df_reviews: (12039, 27)
[2024-10-15T11:51:16.822+0000] {logging_mixin.py:149} INFO - df_joined_google: (17818, 75)
[2024-10-15T11:51:17.014+0000] {logging_mixin.py:149} INFO - df_joined_google_suf: (17818, 68)
[2024-10-15T11:51:17.018+0000] {logging_mixin.py:149} INFO - df_joined_na_main: (17818, 68)
[2024-10-15T11:51:17.044+0000] {logging_mixin.py:149} INFO - df_classified: (2864, 72)
[2024-10-15T11:51:17.152+0000] {logging_mixin.py:149} INFO - GOLD file does not exist. Inserting new data.
[2024-10-15T11:51:17.152+0000] {logging_mixin.py:149} INFO - df_gold: (2864, 72)
[2024-10-15T11:51:17.349+0000] {logging_mixin.py:149} INFO - GOLD file does not exist. Inserting new data.
[2024-10-15T11:51:17.350+0000] {logging_mixin.py:149} INFO - df_gold: (829, 75)
[2024-10-15T11:51:17.425+0000] {python.py:183} INFO - Done. Returned value was: None
[2024-10-15T11:51:17.437+0000] {taskinstance.py:1350} INFO - Marking task as SUCCESS. dag_id=clever_main_DAG, task_id=process_silver_to_gold, execution_date=20241015T023924, start_date=20241015T115116, end_date=20241015T115117
[2024-10-15T11:51:17.487+0000] {local_task_job_runner.py:225} INFO - Task exited with return code 0
[2024-10-15T11:51:17.526+0000] {taskinstance.py:2653} INFO - 0 downstream tasks scheduled from follow-on schedule check
