[2024-10-15T11:54:26.930+0000] {taskinstance.py:1103} INFO - Dependencies all met for dep_context=non-requeueable deps ti=<TaskInstance: clever_main_DAG.process_silver_to_gold manual__2024-10-15T02:39:24.853796+00:00 [queued]>
[2024-10-15T11:54:26.944+0000] {taskinstance.py:1103} INFO - Dependencies all met for dep_context=requeueable deps ti=<TaskInstance: clever_main_DAG.process_silver_to_gold manual__2024-10-15T02:39:24.853796+00:00 [queued]>
[2024-10-15T11:54:26.944+0000] {taskinstance.py:1308} INFO - Starting attempt 10 of 11
[2024-10-15T11:54:26.960+0000] {taskinstance.py:1327} INFO - Executing <Task(PythonOperator): process_silver_to_gold> on 2024-10-15 02:39:24.853796+00:00
[2024-10-15T11:54:26.966+0000] {standard_task_runner.py:57} INFO - Started process 1077 to run task
[2024-10-15T11:54:26.969+0000] {standard_task_runner.py:84} INFO - Running: ['***', 'tasks', 'run', 'clever_main_DAG', 'process_silver_to_gold', 'manual__2024-10-15T02:39:24.853796+00:00', '--job-id', '51', '--raw', '--subdir', 'DAGS_FOLDER/clever_main_DAG.py', '--cfg-path', '/tmp/tmp7b1nyplq']
[2024-10-15T11:54:26.971+0000] {standard_task_runner.py:85} INFO - Job 51: Subtask process_silver_to_gold
[2024-10-15T11:54:27.026+0000] {task_command.py:410} INFO - Running <TaskInstance: clever_main_DAG.process_silver_to_gold manual__2024-10-15T02:39:24.853796+00:00 [running]> on host 0d4cebb48579
[2024-10-15T11:54:27.151+0000] {taskinstance.py:1547} INFO - Exporting env vars: AIRFLOW_CTX_DAG_OWNER='alec.ventura, ricardo.motta' AIRFLOW_CTX_DAG_ID='clever_main_DAG' AIRFLOW_CTX_TASK_ID='process_silver_to_gold' AIRFLOW_CTX_EXECUTION_DATE='2024-10-15T02:39:24.853796+00:00' AIRFLOW_CTX_TRY_NUMBER='10' AIRFLOW_CTX_DAG_RUN_ID='manual__2024-10-15T02:39:24.853796+00:00'
[2024-10-15T11:54:27.274+0000] {logging_mixin.py:149} INFO - df_profiles: (5865, 49)
[2024-10-15T11:54:27.360+0000] {logging_mixin.py:149} INFO - df_reviews: (12039, 27)
[2024-10-15T11:54:27.442+0000] {logging_mixin.py:149} INFO - df_joined_google: (17818, 75)
[2024-10-15T11:54:27.615+0000] {logging_mixin.py:149} INFO - df_joined_google_suf: (17818, 68)
[2024-10-15T11:54:27.619+0000] {logging_mixin.py:149} INFO - df_joined_na_main: (17818, 68)
[2024-10-15T11:54:27.716+0000] {logging_mixin.py:149} INFO - GOLD file does not exist. Inserting new data.
[2024-10-15T11:54:27.716+0000] {logging_mixin.py:149} INFO - df_gold: (17818, 68)
[2024-10-15T11:54:29.292+0000] {logging_mixin.py:149} INFO - GOLD file does not exist. Inserting new data.
[2024-10-15T11:54:29.294+0000] {logging_mixin.py:149} INFO - df_gold: (829, 75)
[2024-10-15T11:54:29.365+0000] {python.py:183} INFO - Done. Returned value was: None
[2024-10-15T11:54:29.375+0000] {taskinstance.py:1350} INFO - Marking task as SUCCESS. dag_id=clever_main_DAG, task_id=process_silver_to_gold, execution_date=20241015T023924, start_date=20241015T115426, end_date=20241015T115429
[2024-10-15T11:54:29.432+0000] {local_task_job_runner.py:225} INFO - Task exited with return code 0
[2024-10-15T11:54:29.456+0000] {taskinstance.py:2653} INFO - 0 downstream tasks scheduled from follow-on schedule check
