[2024-10-15T11:12:06.886+0000] {taskinstance.py:1103} INFO - Dependencies all met for dep_context=non-requeueable deps ti=<TaskInstance: clever_main_DAG.process_bronze_to_silver manual__2024-10-15T02:39:24.853796+00:00 [queued]>
[2024-10-15T11:12:06.997+0000] {taskinstance.py:1103} INFO - Dependencies all met for dep_context=requeueable deps ti=<TaskInstance: clever_main_DAG.process_bronze_to_silver manual__2024-10-15T02:39:24.853796+00:00 [queued]>
[2024-10-15T11:12:06.999+0000] {taskinstance.py:1308} INFO - Starting attempt 1 of 2
[2024-10-15T11:12:07.100+0000] {taskinstance.py:1327} INFO - Executing <Task(PythonOperator): process_bronze_to_silver> on 2024-10-15 02:39:24.853796+00:00
[2024-10-15T11:12:07.592+0000] {standard_task_runner.py:57} INFO - Started process 96 to run task
[2024-10-15T11:12:07.639+0000] {standard_task_runner.py:84} INFO - Running: ['***', 'tasks', 'run', 'clever_main_DAG', 'process_bronze_to_silver', 'manual__2024-10-15T02:39:24.853796+00:00', '--job-id', '35', '--raw', '--subdir', 'DAGS_FOLDER/clever_main_DAG.py', '--cfg-path', '/tmp/tmp_gh3ly_3']
[2024-10-15T11:12:07.687+0000] {standard_task_runner.py:85} INFO - Job 35: Subtask process_bronze_to_silver
[2024-10-15T11:12:08.214+0000] {task_command.py:410} INFO - Running <TaskInstance: clever_main_DAG.process_bronze_to_silver manual__2024-10-15T02:39:24.853796+00:00 [running]> on host 0d4cebb48579
[2024-10-15T11:12:08.879+0000] {taskinstance.py:1547} INFO - Exporting env vars: AIRFLOW_CTX_DAG_OWNER='alec.ventura, ricardo.motta' AIRFLOW_CTX_DAG_ID='clever_main_DAG' AIRFLOW_CTX_TASK_ID='process_bronze_to_silver' AIRFLOW_CTX_EXECUTION_DATE='2024-10-15T02:39:24.853796+00:00' AIRFLOW_CTX_TRY_NUMBER='1' AIRFLOW_CTX_DAG_RUN_ID='manual__2024-10-15T02:39:24.853796+00:00'
[2024-10-15T11:12:08.909+0000] {logging_mixin.py:149} INFO - Performing processing for entity: company_profiles_google_maps
[2024-10-15T11:12:13.637+0000] {logging_mixin.py:149} INFO - Columns deleted (all rows null): ['popular_times', 'typical_time_spent', 'reservation_links', 'menu_link']
[2024-10-15T11:12:13.649+0000] {logging_mixin.py:149} INFO - Total columns deleted: 4
[2024-10-15T11:12:13.899+0000] {logging_mixin.py:149} INFO - Total empty or duplicate rows removed: 0
[2024-10-15T11:12:15.529+0000] {logging_mixin.py:149} INFO - Comparing BRONZE modified at 2024-10-10 11:58:21 with SILVER last updated at 2024-10-15 05:01:35.427100
[2024-10-15T11:12:15.530+0000] {logging_mixin.py:149} INFO - No update needed. BRONZE data is older or equal to SILVER's last update.
[2024-10-15T11:12:16.275+0000] {logging_mixin.py:149} INFO - Performing processing for entity: customer_reviews_google
[2024-10-15T11:12:29.805+0000] {logging_mixin.py:149} INFO - Columns deleted (all rows null): ['review_questions']
[2024-10-15T11:12:29.813+0000] {logging_mixin.py:149} INFO - Total columns deleted: 1
[2024-10-15T11:12:30.029+0000] {logging_mixin.py:149} INFO - Total empty or duplicate rows removed: 0
[2024-10-15T11:12:32.881+0000] {logging_mixin.py:149} INFO - Comparing BRONZE modified at 2024-10-10 11:58:21 with SILVER last updated at 2024-10-15 05:01:38.674240
[2024-10-15T11:12:32.882+0000] {logging_mixin.py:149} INFO - No update needed. BRONZE data is older or equal to SILVER's last update.
[2024-10-15T11:12:33.921+0000] {logging_mixin.py:149} INFO - Performing processing for entity: fmcsa_companies
[2024-10-15T11:12:34.135+0000] {logging_mixin.py:149} INFO - Columns deleted (all rows null): []
[2024-10-15T11:12:34.140+0000] {logging_mixin.py:149} INFO - Total columns deleted: 0
[2024-10-15T11:12:34.190+0000] {logging_mixin.py:149} INFO - Total empty or duplicate rows removed: 0
[2024-10-15T11:12:34.336+0000] {logging_mixin.py:149} INFO - Comparing BRONZE modified at 2024-10-10 11:58:21 with SILVER last updated at 2024-10-15 05:01:38.755684
[2024-10-15T11:12:34.337+0000] {logging_mixin.py:149} INFO - No update needed. BRONZE data is older or equal to SILVER's last update.
[2024-10-15T11:12:34.432+0000] {logging_mixin.py:149} INFO - Performing processing for entity: fmcsa_company_snapshot
[2024-10-15T11:12:34.584+0000] {logging_mixin.py:149} INFO - Columns deleted (all rows null): []
[2024-10-15T11:12:34.586+0000] {logging_mixin.py:149} INFO - Total columns deleted: 0
[2024-10-15T11:12:34.613+0000] {logging_mixin.py:149} INFO - Total empty or duplicate rows removed: 0
[2024-10-15T11:12:34.696+0000] {logging_mixin.py:149} INFO - Comparing BRONZE modified at 2024-10-10 11:58:21 with SILVER last updated at 2024-10-15 05:01:38.857442
[2024-10-15T11:12:34.697+0000] {logging_mixin.py:149} INFO - No update needed. BRONZE data is older or equal to SILVER's last update.
[2024-10-15T11:12:34.746+0000] {logging_mixin.py:149} INFO - Performing processing for entity: fmcsa_complaints
[2024-10-15T11:12:34.798+0000] {logging_mixin.py:149} INFO - Columns deleted (all rows null): ['user_updated', 'date_updated']
[2024-10-15T11:12:34.800+0000] {logging_mixin.py:149} INFO - Total columns deleted: 2
[2024-10-15T11:12:34.808+0000] {logging_mixin.py:149} INFO - Total empty or duplicate rows removed: 0
[2024-10-15T11:12:34.852+0000] {logging_mixin.py:149} INFO - Comparing BRONZE modified at 2024-10-12 13:30:32 with SILVER last updated at 2024-10-15 05:01:38.914639
[2024-10-15T11:12:34.853+0000] {logging_mixin.py:149} INFO - No update needed. BRONZE data is older or equal to SILVER's last update.
[2024-10-15T11:12:34.871+0000] {logging_mixin.py:149} INFO - Performing processing for entity: fmcsa_safer_data
[2024-10-15T11:12:34.971+0000] {logging_mixin.py:149} INFO - Columns deleted (all rows null): ['state_carrier_id_number', 'us_iep_natl_avg_oos_pct']
[2024-10-15T11:12:34.978+0000] {logging_mixin.py:149} INFO - Total columns deleted: 2
[2024-10-15T11:12:35.026+0000] {logging_mixin.py:149} INFO - Total empty or duplicate rows removed: 0
[2024-10-15T11:12:35.141+0000] {logging_mixin.py:149} INFO - Comparing BRONZE modified at 2024-10-10 11:58:21 with SILVER last updated at 2024-10-15 05:01:39.054267
[2024-10-15T11:12:35.141+0000] {logging_mixin.py:149} INFO - No update needed. BRONZE data is older or equal to SILVER's last update.
[2024-10-15T11:12:35.191+0000] {python.py:183} INFO - Done. Returned value was: None
[2024-10-15T11:12:35.214+0000] {taskinstance.py:1350} INFO - Marking task as SUCCESS. dag_id=clever_main_DAG, task_id=process_bronze_to_silver, execution_date=20241015T023924, start_date=20241015T111206, end_date=20241015T111235
[2024-10-15T11:12:35.303+0000] {local_task_job_runner.py:225} INFO - Task exited with return code 0
[2024-10-15T11:12:35.352+0000] {taskinstance.py:2653} INFO - 1 downstream tasks scheduled from follow-on schedule check
