[2024-10-15T11:15:16.472+0000] {taskinstance.py:1103} INFO - Dependencies all met for dep_context=non-requeueable deps ti=<TaskInstance: clever_main_DAG.process_bronze_to_silver manual__2024-10-15T02:39:24.853796+00:00 [queued]>
[2024-10-15T11:15:16.489+0000] {taskinstance.py:1103} INFO - Dependencies all met for dep_context=requeueable deps ti=<TaskInstance: clever_main_DAG.process_bronze_to_silver manual__2024-10-15T02:39:24.853796+00:00 [queued]>
[2024-10-15T11:15:16.490+0000] {taskinstance.py:1308} INFO - Starting attempt 2 of 3
[2024-10-15T11:15:16.507+0000] {taskinstance.py:1327} INFO - Executing <Task(PythonOperator): process_bronze_to_silver> on 2024-10-15 02:39:24.853796+00:00
[2024-10-15T11:15:16.514+0000] {standard_task_runner.py:57} INFO - Started process 208 to run task
[2024-10-15T11:15:16.519+0000] {standard_task_runner.py:84} INFO - Running: ['***', 'tasks', 'run', 'clever_main_DAG', 'process_bronze_to_silver', 'manual__2024-10-15T02:39:24.853796+00:00', '--job-id', '39', '--raw', '--subdir', 'DAGS_FOLDER/clever_main_DAG.py', '--cfg-path', '/tmp/tmptrkp4ija']
[2024-10-15T11:15:16.521+0000] {standard_task_runner.py:85} INFO - Job 39: Subtask process_bronze_to_silver
[2024-10-15T11:15:16.586+0000] {task_command.py:410} INFO - Running <TaskInstance: clever_main_DAG.process_bronze_to_silver manual__2024-10-15T02:39:24.853796+00:00 [running]> on host 0d4cebb48579
[2024-10-15T11:15:16.715+0000] {taskinstance.py:1547} INFO - Exporting env vars: AIRFLOW_CTX_DAG_OWNER='alec.ventura, ricardo.motta' AIRFLOW_CTX_DAG_ID='clever_main_DAG' AIRFLOW_CTX_TASK_ID='process_bronze_to_silver' AIRFLOW_CTX_EXECUTION_DATE='2024-10-15T02:39:24.853796+00:00' AIRFLOW_CTX_TRY_NUMBER='2' AIRFLOW_CTX_DAG_RUN_ID='manual__2024-10-15T02:39:24.853796+00:00'
[2024-10-15T11:15:16.721+0000] {logging_mixin.py:149} INFO - Performing processing for entity: company_profiles_google_maps
[2024-10-15T11:15:17.912+0000] {logging_mixin.py:149} INFO - Columns deleted (all rows null): ['popular_times', 'typical_time_spent', 'reservation_links', 'menu_link']
[2024-10-15T11:15:17.916+0000] {logging_mixin.py:149} INFO - Total columns deleted: 4
[2024-10-15T11:15:17.998+0000] {logging_mixin.py:149} INFO - Total empty or duplicate rows removed: 0
[2024-10-15T11:15:18.624+0000] {logging_mixin.py:149} INFO - Comparing BRONZE modified at 2024-10-10 11:58:21 with SILVER last updated at 2024-10-15 11:12:16.256084
[2024-10-15T11:15:18.624+0000] {logging_mixin.py:149} INFO - No update needed. BRONZE data is older or equal to SILVER's last update.
[2024-10-15T11:15:21.366+0000] {logging_mixin.py:149} INFO - Performing processing for entity: customer_reviews_google
[2024-10-15T11:15:23.301+0000] {logging_mixin.py:149} INFO - Columns deleted (all rows null): ['review_questions']
[2024-10-15T11:15:23.306+0000] {logging_mixin.py:149} INFO - Total columns deleted: 1
[2024-10-15T11:15:23.439+0000] {logging_mixin.py:149} INFO - Total empty or duplicate rows removed: 0
[2024-10-15T11:15:25.623+0000] {logging_mixin.py:149} INFO - Comparing BRONZE modified at 2024-10-10 11:58:21 with SILVER last updated at 2024-10-15 11:12:33.905215
[2024-10-15T11:15:25.624+0000] {logging_mixin.py:149} INFO - No update needed. BRONZE data is older or equal to SILVER's last update.
[2024-10-15T11:15:25.749+0000] {logging_mixin.py:149} INFO - Performing processing for entity: fmcsa_companies
[2024-10-15T11:15:25.775+0000] {logging_mixin.py:149} INFO - Columns deleted (all rows null): []
[2024-10-15T11:15:25.776+0000] {logging_mixin.py:149} INFO - Total columns deleted: 0
[2024-10-15T11:15:25.781+0000] {logging_mixin.py:149} INFO - Total empty or duplicate rows removed: 0
[2024-10-15T11:15:25.822+0000] {logging_mixin.py:149} INFO - Comparing BRONZE modified at 2024-10-10 11:58:21 with SILVER last updated at 2024-10-15 11:12:34.428982
[2024-10-15T11:15:25.822+0000] {logging_mixin.py:149} INFO - No update needed. BRONZE data is older or equal to SILVER's last update.
[2024-10-15T11:15:25.837+0000] {logging_mixin.py:149} INFO - Performing processing for entity: fmcsa_company_snapshot
[2024-10-15T11:15:25.873+0000] {logging_mixin.py:149} INFO - Columns deleted (all rows null): []
[2024-10-15T11:15:25.874+0000] {logging_mixin.py:149} INFO - Total columns deleted: 0
[2024-10-15T11:15:25.883+0000] {logging_mixin.py:149} INFO - Total empty or duplicate rows removed: 0
[2024-10-15T11:15:25.918+0000] {logging_mixin.py:149} INFO - Comparing BRONZE modified at 2024-10-10 11:58:21 with SILVER last updated at 2024-10-15 11:12:34.743766
[2024-10-15T11:15:25.919+0000] {logging_mixin.py:149} INFO - No update needed. BRONZE data is older or equal to SILVER's last update.
[2024-10-15T11:15:25.938+0000] {logging_mixin.py:149} INFO - Performing processing for entity: fmcsa_complaints
[2024-10-15T11:15:25.965+0000] {logging_mixin.py:149} INFO - Columns deleted (all rows null): ['user_updated', 'date_updated']
[2024-10-15T11:15:25.966+0000] {logging_mixin.py:149} INFO - Total columns deleted: 2
[2024-10-15T11:15:25.970+0000] {logging_mixin.py:149} INFO - Total empty or duplicate rows removed: 0
[2024-10-15T11:15:25.988+0000] {logging_mixin.py:149} INFO - Comparing BRONZE modified at 2024-10-12 13:30:32 with SILVER last updated at 2024-10-15 11:12:34.868986
[2024-10-15T11:15:25.988+0000] {logging_mixin.py:149} INFO - No update needed. BRONZE data is older or equal to SILVER's last update.
[2024-10-15T11:15:25.999+0000] {logging_mixin.py:149} INFO - Performing processing for entity: fmcsa_safer_data
[2024-10-15T11:15:26.045+0000] {logging_mixin.py:149} INFO - Columns deleted (all rows null): ['state_carrier_id_number', 'us_iep_natl_avg_oos_pct']
[2024-10-15T11:15:26.046+0000] {logging_mixin.py:149} INFO - Total columns deleted: 2
[2024-10-15T11:15:26.060+0000] {logging_mixin.py:149} INFO - Total empty or duplicate rows removed: 0
[2024-10-15T11:15:26.116+0000] {logging_mixin.py:149} INFO - Comparing BRONZE modified at 2024-10-10 11:58:21 with SILVER last updated at 2024-10-15 11:12:35.187067
[2024-10-15T11:15:26.116+0000] {logging_mixin.py:149} INFO - No update needed. BRONZE data is older or equal to SILVER's last update.
[2024-10-15T11:15:26.142+0000] {python.py:183} INFO - Done. Returned value was: None
[2024-10-15T11:15:26.155+0000] {taskinstance.py:1350} INFO - Marking task as SUCCESS. dag_id=clever_main_DAG, task_id=process_bronze_to_silver, execution_date=20241015T023924, start_date=20241015T111516, end_date=20241015T111526
[2024-10-15T11:15:26.213+0000] {local_task_job_runner.py:225} INFO - Task exited with return code 0
[2024-10-15T11:15:26.251+0000] {taskinstance.py:2653} INFO - 1 downstream tasks scheduled from follow-on schedule check
