[2024-10-15T11:46:05.680+0000] {taskinstance.py:1103} INFO - Dependencies all met for dep_context=non-requeueable deps ti=<TaskInstance: clever_main_DAG.upload_to_postgres manual__2024-10-15T02:39:24.853796+00:00 [queued]>
[2024-10-15T11:46:05.693+0000] {taskinstance.py:1103} INFO - Dependencies all met for dep_context=requeueable deps ti=<TaskInstance: clever_main_DAG.upload_to_postgres manual__2024-10-15T02:39:24.853796+00:00 [queued]>
[2024-10-15T11:46:05.694+0000] {taskinstance.py:1308} INFO - Starting attempt 3 of 4
[2024-10-15T11:46:05.711+0000] {taskinstance.py:1327} INFO - Executing <Task(PythonOperator): upload_to_postgres> on 2024-10-15 02:39:24.853796+00:00
[2024-10-15T11:46:05.717+0000] {standard_task_runner.py:57} INFO - Started process 887 to run task
[2024-10-15T11:46:05.720+0000] {standard_task_runner.py:84} INFO - Running: ['***', 'tasks', 'run', 'clever_main_DAG', 'upload_to_postgres', 'manual__2024-10-15T02:39:24.853796+00:00', '--job-id', '47', '--raw', '--subdir', 'DAGS_FOLDER/clever_main_DAG.py', '--cfg-path', '/tmp/tmpbxm266hz']
[2024-10-15T11:46:05.723+0000] {standard_task_runner.py:85} INFO - Job 47: Subtask upload_to_postgres
[2024-10-15T11:46:05.792+0000] {task_command.py:410} INFO - Running <TaskInstance: clever_main_DAG.upload_to_postgres manual__2024-10-15T02:39:24.853796+00:00 [running]> on host 0d4cebb48579
[2024-10-15T11:46:05.898+0000] {taskinstance.py:1547} INFO - Exporting env vars: AIRFLOW_CTX_DAG_OWNER='alec.ventura, ricardo.motta' AIRFLOW_CTX_DAG_ID='clever_main_DAG' AIRFLOW_CTX_TASK_ID='upload_to_postgres' AIRFLOW_CTX_EXECUTION_DATE='2024-10-15T02:39:24.853796+00:00' AIRFLOW_CTX_TRY_NUMBER='3' AIRFLOW_CTX_DAG_RUN_ID='manual__2024-10-15T02:39:24.853796+00:00'
[2024-10-15T11:46:05.900+0000] {logging_mixin.py:149} INFO - Processing parquet file: ./data/GOLD/real_estate_agents_classified/real_estate_agents_classified.parquet
[2024-10-15T11:46:05.928+0000] {taskinstance.py:1824} ERROR - Task failed with exception
Traceback (most recent call last):
  File "/home/airflow/.local/lib/python3.7/site-packages/airflow/operators/python.py", line 181, in execute
    return_value = self.execute_callable()
  File "/home/airflow/.local/lib/python3.7/site-packages/airflow/operators/python.py", line 198, in execute_callable
    return self.python_callable(*self.op_args, **self.op_kwargs)
  File "/opt/airflow/dags/scripts/database_operations/main.py", line 6, in main
    process_parquet_to_postgres('./data/GOLD/real_estate_agents_classified/real_estate_agents_classified.parquet', 'google_agents_data', engine)
  File "/opt/airflow/dags/scripts/database_operations/utils/parquet_processing.py", line 10, in process_parquet_to_postgres
    df = pd.read_parquet(parquet_file)
  File "/home/airflow/.local/lib/python3.7/site-packages/pandas/io/parquet.py", line 500, in read_parquet
    **kwargs,
  File "/home/airflow/.local/lib/python3.7/site-packages/pandas/io/parquet.py", line 236, in read
    mode="rb",
  File "/home/airflow/.local/lib/python3.7/site-packages/pandas/io/parquet.py", line 102, in _get_path_or_handle
    path_or_handle, mode, is_text=False, storage_options=storage_options
  File "/home/airflow/.local/lib/python3.7/site-packages/pandas/io/common.py", line 711, in get_handle
    handle = open(handle, ioargs.mode)
FileNotFoundError: [Errno 2] No such file or directory: './data/GOLD/real_estate_agents_classified/real_estate_agents_classified.parquet'
[2024-10-15T11:46:05.953+0000] {taskinstance.py:1350} INFO - Marking task as UP_FOR_RETRY. dag_id=clever_main_DAG, task_id=upload_to_postgres, execution_date=20241015T023924, start_date=20241015T114605, end_date=20241015T114605
[2024-10-15T11:46:05.973+0000] {standard_task_runner.py:109} ERROR - Failed to execute job 47 for task upload_to_postgres ([Errno 2] No such file or directory: './data/GOLD/real_estate_agents_classified/real_estate_agents_classified.parquet'; 887)
[2024-10-15T11:46:06.014+0000] {local_task_job_runner.py:225} INFO - Task exited with return code 1
[2024-10-15T11:46:06.059+0000] {taskinstance.py:2653} INFO - 0 downstream tasks scheduled from follow-on schedule check
