[2024-10-15T11:54:52.765+0000] {taskinstance.py:1103} INFO - Dependencies all met for dep_context=non-requeueable deps ti=<TaskInstance: clever_main_DAG.upload_to_postgres manual__2024-10-15T02:39:24.853796+00:00 [queued]>
[2024-10-15T11:54:52.778+0000] {taskinstance.py:1103} INFO - Dependencies all met for dep_context=requeueable deps ti=<TaskInstance: clever_main_DAG.upload_to_postgres manual__2024-10-15T02:39:24.853796+00:00 [queued]>
[2024-10-15T11:54:52.778+0000] {taskinstance.py:1308} INFO - Starting attempt 5 of 6
[2024-10-15T11:54:52.794+0000] {taskinstance.py:1327} INFO - Executing <Task(PythonOperator): upload_to_postgres> on 2024-10-15 02:39:24.853796+00:00
[2024-10-15T11:54:52.801+0000] {standard_task_runner.py:57} INFO - Started process 1110 to run task
[2024-10-15T11:54:52.805+0000] {standard_task_runner.py:84} INFO - Running: ['***', 'tasks', 'run', 'clever_main_DAG', 'upload_to_postgres', 'manual__2024-10-15T02:39:24.853796+00:00', '--job-id', '52', '--raw', '--subdir', 'DAGS_FOLDER/clever_main_DAG.py', '--cfg-path', '/tmp/tmp036jhnpf']
[2024-10-15T11:54:52.807+0000] {standard_task_runner.py:85} INFO - Job 52: Subtask upload_to_postgres
[2024-10-15T11:54:52.861+0000] {task_command.py:410} INFO - Running <TaskInstance: clever_main_DAG.upload_to_postgres manual__2024-10-15T02:39:24.853796+00:00 [running]> on host 0d4cebb48579
[2024-10-15T11:54:52.966+0000] {taskinstance.py:1547} INFO - Exporting env vars: AIRFLOW_CTX_DAG_OWNER='alec.ventura, ricardo.motta' AIRFLOW_CTX_DAG_ID='clever_main_DAG' AIRFLOW_CTX_TASK_ID='upload_to_postgres' AIRFLOW_CTX_EXECUTION_DATE='2024-10-15T02:39:24.853796+00:00' AIRFLOW_CTX_TRY_NUMBER='5' AIRFLOW_CTX_DAG_RUN_ID='manual__2024-10-15T02:39:24.853796+00:00'
[2024-10-15T11:54:52.968+0000] {logging_mixin.py:149} INFO - Processing parquet file: ./data/GOLD/real_estate_agents_classified/real_estate_agents_classified.parquet
[2024-10-15T11:54:53.338+0000] {logging_mixin.py:149} INFO - Parquet file read successfully. Number of rows: 17818, Number of columns: 68
[2024-10-15T11:54:53.342+0000] {logging_mixin.py:149} INFO - Data types of the columns in the DataFrame:
google_id                      object
name                           object
site                           object
subtypes                       object
type                           object
                            ...      
review_link                    object
review_rating                   Int64
review_timestamp               object
review_datetime_utc    datetime64[ns]
review_likes                    Int64
Length: 68, dtype: object
[2024-10-15T11:54:53.344+0000] {logging_mixin.py:149} INFO - Checking if table google_agents_data exists...
[2024-10-15T11:54:53.356+0000] {logging_mixin.py:149} INFO - Checking if GOLD data is newer than the current data in google_agents_data...
[2024-10-15T11:54:53.470+0000] {logging_mixin.py:149} INFO - GOLD data is newer. Performing UPSERT.
[2024-10-15T11:55:05.360+0000] {logging_mixin.py:149} INFO - Data UPSERT completed for table google_agents_data.
[2024-10-15T11:55:05.361+0000] {logging_mixin.py:149} INFO - Fetching first 5 rows from table: google_agents_data
[2024-10-15T11:55:05.500+0000] {logging_mixin.py:149} INFO -                                google_id  ...                 updated_at
0   0x111f53bf849f031:0xb43eff4f62923c5d  ... 2024-10-15 11:54:53.470990
1   0x14e179155727173b:0x2c342e5f13a9b2d  ... 2024-10-15 11:54:53.470990
2  0x14e4b9f6c46524a9:0x202749ab2be6bfe3  ... 2024-10-15 11:54:53.470990
3    0x1803389f251373:0x26e9e6cc7312627c  ... 2024-10-15 11:54:53.470990
4   0x18751cf7cb7e9a5:0xad85fc0dfe9ff490  ... 2024-10-15 11:54:53.470990

[5 rows x 69 columns]
[2024-10-15T11:55:05.501+0000] {logging_mixin.py:149} INFO - Processing of parquet file ./data/GOLD/real_estate_agents_classified/real_estate_agents_classified.parquet completed.
[2024-10-15T11:55:05.513+0000] {logging_mixin.py:149} INFO - Processing parquet file: ./data/GOLD/fmcsa_company_data/fmcsa_company_data.parquet
[2024-10-15T11:55:05.553+0000] {logging_mixin.py:149} INFO - Parquet file read successfully. Number of rows: 829, Number of columns: 75
[2024-10-15T11:55:05.557+0000] {logging_mixin.py:149} INFO - Data types of the columns in the DataFrame:
usdot_num                                          Int64
user_created                                      object
date_created                         datetime64[ns, UTC]
user_updated                                      object
date_updated                         datetime64[ns, UTC]
                                            ...         
carrier_safety_rating_review_date                 object
carrier_safety_rating_rating                      object
carrier_safety_rating_type                        object
mileage                                            Int64
mileage_year                                      object
Length: 75, dtype: object
[2024-10-15T11:55:05.569+0000] {logging_mixin.py:149} INFO - Checking if table fmcsa_data exists...
[2024-10-15T11:55:05.577+0000] {logging_mixin.py:149} INFO - Checking if GOLD data is newer than the current data in fmcsa_data...
[2024-10-15T11:55:05.598+0000] {logging_mixin.py:149} INFO - GOLD data is newer. Performing UPSERT.
[2024-10-15T11:55:06.367+0000] {logging_mixin.py:149} INFO - Data UPSERT completed for table fmcsa_data.
[2024-10-15T11:55:06.368+0000] {logging_mixin.py:149} INFO - Fetching first 5 rows from table: fmcsa_data
[2024-10-15T11:55:06.524+0000] {logging_mixin.py:149} INFO -    usdot_num  ...                 updated_at
0    1032910  ... 2024-10-15 11:55:05.599621
1    1151019  ... 2024-10-15 11:55:05.599621
2    1151019  ... 2024-10-15 11:55:05.599621
3    1151019  ... 2024-10-15 11:55:05.599621
4    1151019  ... 2024-10-15 11:55:05.599621

[5 rows x 76 columns]
[2024-10-15T11:55:06.525+0000] {logging_mixin.py:149} INFO - Processing of parquet file ./data/GOLD/fmcsa_company_data/fmcsa_company_data.parquet completed.
[2024-10-15T11:55:06.527+0000] {python.py:183} INFO - Done. Returned value was: None
[2024-10-15T11:55:06.545+0000] {taskinstance.py:1350} INFO - Marking task as SUCCESS. dag_id=clever_main_DAG, task_id=upload_to_postgres, execution_date=20241015T023924, start_date=20241015T115452, end_date=20241015T115506
[2024-10-15T11:55:06.602+0000] {local_task_job_runner.py:225} INFO - Task exited with return code 0
[2024-10-15T11:55:06.637+0000] {taskinstance.py:2653} INFO - 0 downstream tasks scheduled from follow-on schedule check
