[2024-10-15T03:07:39.539+0000] {taskinstance.py:1103} INFO - Dependencies all met for dep_context=non-requeueable deps ti=<TaskInstance: clever_main_DAG.process_bronze_to_silver scheduled__2024-10-14T00:20:00+00:00 [queued]>
[2024-10-15T03:07:39.557+0000] {taskinstance.py:1103} INFO - Dependencies all met for dep_context=requeueable deps ti=<TaskInstance: clever_main_DAG.process_bronze_to_silver scheduled__2024-10-14T00:20:00+00:00 [queued]>
[2024-10-15T03:07:39.558+0000] {taskinstance.py:1308} INFO - Starting attempt 2 of 2
[2024-10-15T03:07:39.580+0000] {taskinstance.py:1327} INFO - Executing <Task(PythonOperator): process_bronze_to_silver> on 2024-10-14 00:20:00+00:00
[2024-10-15T03:07:39.590+0000] {standard_task_runner.py:57} INFO - Started process 2467 to run task
[2024-10-15T03:07:39.596+0000] {standard_task_runner.py:84} INFO - Running: ['***', 'tasks', 'run', 'clever_main_DAG', 'process_bronze_to_silver', 'scheduled__2024-10-14T00:20:00+00:00', '--job-id', '8', '--raw', '--subdir', 'DAGS_FOLDER/clever_main_DAG.py', '--cfg-path', '/tmp/tmp1h369eb6']
[2024-10-15T03:07:39.597+0000] {standard_task_runner.py:85} INFO - Job 8: Subtask process_bronze_to_silver
[2024-10-15T03:07:39.685+0000] {task_command.py:410} INFO - Running <TaskInstance: clever_main_DAG.process_bronze_to_silver scheduled__2024-10-14T00:20:00+00:00 [running]> on host 0d4cebb48579
[2024-10-15T03:07:39.824+0000] {taskinstance.py:1547} INFO - Exporting env vars: AIRFLOW_CTX_DAG_OWNER='alec.ventura, ricardo.motta' AIRFLOW_CTX_DAG_ID='clever_main_DAG' AIRFLOW_CTX_TASK_ID='process_bronze_to_silver' AIRFLOW_CTX_EXECUTION_DATE='2024-10-14T00:20:00+00:00' AIRFLOW_CTX_TRY_NUMBER='2' AIRFLOW_CTX_DAG_RUN_ID='scheduled__2024-10-14T00:20:00+00:00'
[2024-10-15T03:07:39.826+0000] {logging_mixin.py:149} INFO - Performing processing for entity: company_profiles_google_maps
[2024-10-15T03:07:42.005+0000] {logging_mixin.py:149} INFO - Columns deleted (all rows null): ['popular_times', 'typical_time_spent', 'reservation_links', 'menu_link']
[2024-10-15T03:07:42.011+0000] {logging_mixin.py:149} INFO - Total columns deleted: 4
[2024-10-15T03:07:42.147+0000] {logging_mixin.py:149} INFO - Total empty or duplicate rows removed: 0
[2024-10-15T03:07:42.186+0000] {util.py:2007} INFO - Could not find local context root directory
[2024-10-15T03:07:42.188+0000] {base.py:2134} INFO - Created temporary directory '/tmp/tmpte0y73t2' for ephemeral docs site
[2024-10-15T03:07:42.191+0000] {abstract_data_context.py:5575} INFO - EphemeralDataContext has not implemented `_load_fluent_config()` returning empty `GxConfig`
[2024-10-15T03:07:42.191+0000] {config.py:185} INFO - Loading 'datasources' ->
[]
[2024-10-15T03:07:42.228+0000] {taskinstance.py:1824} ERROR - Task failed with exception
Traceback (most recent call last):
  File "/home/airflow/.local/lib/python3.7/site-packages/airflow/operators/python.py", line 181, in execute
    return_value = self.execute_callable()
  File "/home/airflow/.local/lib/python3.7/site-packages/airflow/operators/python.py", line 198, in execute_callable
    return self.python_callable(*self.op_args, **self.op_kwargs)
  File "/opt/airflow/dags/scripts/silver/main.py", line 33, in process_bronze_to_silver
    validation_result = validate_data(df_transformed, entity)
  File "/opt/airflow/dags/scripts/silver/utils/validations.py", line 16, in validate_data
    data_source = context.data_sources.add_pandas("pandas")
AttributeError: 'EphemeralDataContext' object has no attribute 'data_sources'
[2024-10-15T03:07:42.249+0000] {taskinstance.py:1350} INFO - Marking task as FAILED. dag_id=clever_main_DAG, task_id=process_bronze_to_silver, execution_date=20241014T002000, start_date=20241015T030739, end_date=20241015T030742
[2024-10-15T03:07:42.268+0000] {standard_task_runner.py:109} ERROR - Failed to execute job 8 for task process_bronze_to_silver ('EphemeralDataContext' object has no attribute 'data_sources'; 2467)
[2024-10-15T03:07:42.311+0000] {local_task_job_runner.py:225} INFO - Task exited with return code 1
[2024-10-15T03:07:42.380+0000] {taskinstance.py:2653} INFO - 0 downstream tasks scheduled from follow-on schedule check
