[2024-10-15T05:01:33.714+0000] {taskinstance.py:1103} INFO - Dependencies all met for dep_context=non-requeueable deps ti=<TaskInstance: clever_main_DAG.process_bronze_to_silver scheduled__2024-10-14T00:20:00+00:00 [queued]>
[2024-10-15T05:01:33.729+0000] {taskinstance.py:1103} INFO - Dependencies all met for dep_context=requeueable deps ti=<TaskInstance: clever_main_DAG.process_bronze_to_silver scheduled__2024-10-14T00:20:00+00:00 [queued]>
[2024-10-15T05:01:33.730+0000] {taskinstance.py:1308} INFO - Starting attempt 6 of 7
[2024-10-15T05:01:33.747+0000] {taskinstance.py:1327} INFO - Executing <Task(PythonOperator): process_bronze_to_silver> on 2024-10-14 00:20:00+00:00
[2024-10-15T05:01:33.753+0000] {standard_task_runner.py:57} INFO - Started process 4624 to run task
[2024-10-15T05:01:33.757+0000] {standard_task_runner.py:84} INFO - Running: ['***', 'tasks', 'run', 'clever_main_DAG', 'process_bronze_to_silver', 'scheduled__2024-10-14T00:20:00+00:00', '--job-id', '22', '--raw', '--subdir', 'DAGS_FOLDER/clever_main_DAG.py', '--cfg-path', '/tmp/tmpy0qq_3et']
[2024-10-15T05:01:33.759+0000] {standard_task_runner.py:85} INFO - Job 22: Subtask process_bronze_to_silver
[2024-10-15T05:01:33.833+0000] {task_command.py:410} INFO - Running <TaskInstance: clever_main_DAG.process_bronze_to_silver scheduled__2024-10-14T00:20:00+00:00 [running]> on host 0d4cebb48579
[2024-10-15T05:01:33.924+0000] {taskinstance.py:1547} INFO - Exporting env vars: AIRFLOW_CTX_DAG_OWNER='alec.ventura, ricardo.motta' AIRFLOW_CTX_DAG_ID='clever_main_DAG' AIRFLOW_CTX_TASK_ID='process_bronze_to_silver' AIRFLOW_CTX_EXECUTION_DATE='2024-10-14T00:20:00+00:00' AIRFLOW_CTX_TRY_NUMBER='6' AIRFLOW_CTX_DAG_RUN_ID='scheduled__2024-10-14T00:20:00+00:00'
[2024-10-15T05:01:33.929+0000] {logging_mixin.py:149} INFO - Performing processing for entity: company_profiles_google_maps
[2024-10-15T05:01:34.830+0000] {logging_mixin.py:149} INFO - Columns deleted (all rows null): ['popular_times', 'typical_time_spent', 'reservation_links', 'menu_link']
[2024-10-15T05:01:34.836+0000] {logging_mixin.py:149} INFO - Total columns deleted: 4
[2024-10-15T05:01:34.922+0000] {logging_mixin.py:149} INFO - Total empty or duplicate rows removed: 0
[2024-10-15T05:01:35.219+0000] {logging_mixin.py:149} INFO - Comparing BRONZE modified at 2024-10-10 11:58:21 with SILVER last updated at 2024-10-15 04:55:40.838147
[2024-10-15T05:01:35.220+0000] {logging_mixin.py:149} INFO - No update needed. BRONZE data is older or equal to SILVER's last update.
[2024-10-15T05:01:35.433+0000] {logging_mixin.py:149} INFO - Performing processing for entity: customer_reviews_google
[2024-10-15T05:01:36.771+0000] {logging_mixin.py:149} INFO - Columns deleted (all rows null): ['review_questions']
[2024-10-15T05:01:36.777+0000] {logging_mixin.py:149} INFO - Total columns deleted: 1
[2024-10-15T05:01:36.881+0000] {logging_mixin.py:149} INFO - Total empty or duplicate rows removed: 0
[2024-10-15T05:01:38.542+0000] {logging_mixin.py:149} INFO - Comparing BRONZE modified at 2024-10-10 11:58:21 with SILVER last updated at 2024-10-15 04:55:45.511231
[2024-10-15T05:01:38.543+0000] {logging_mixin.py:149} INFO - No update needed. BRONZE data is older or equal to SILVER's last update.
[2024-10-15T05:01:38.679+0000] {logging_mixin.py:149} INFO - Performing processing for entity: fmcsa_companies
[2024-10-15T05:01:38.707+0000] {logging_mixin.py:149} INFO - Columns deleted (all rows null): []
[2024-10-15T05:01:38.708+0000] {logging_mixin.py:149} INFO - Total columns deleted: 0
[2024-10-15T05:01:38.714+0000] {logging_mixin.py:149} INFO - Total empty or duplicate rows removed: 0
[2024-10-15T05:01:38.743+0000] {logging_mixin.py:149} INFO - Comparing BRONZE modified at 2024-10-10 11:58:21 with SILVER last updated at 2024-10-15 04:55:45.601825
[2024-10-15T05:01:38.743+0000] {logging_mixin.py:149} INFO - No update needed. BRONZE data is older or equal to SILVER's last update.
[2024-10-15T05:01:38.756+0000] {logging_mixin.py:149} INFO - Performing processing for entity: fmcsa_company_snapshot
[2024-10-15T05:01:38.787+0000] {logging_mixin.py:149} INFO - Columns deleted (all rows null): []
[2024-10-15T05:01:38.789+0000] {logging_mixin.py:149} INFO - Total columns deleted: 0
[2024-10-15T05:01:38.797+0000] {logging_mixin.py:149} INFO - Total empty or duplicate rows removed: 0
[2024-10-15T05:01:38.838+0000] {logging_mixin.py:149} INFO - Comparing BRONZE modified at 2024-10-10 11:58:21 with SILVER last updated at 2024-10-15 04:55:45.690114
[2024-10-15T05:01:38.838+0000] {logging_mixin.py:149} INFO - No update needed. BRONZE data is older or equal to SILVER's last update.
[2024-10-15T05:01:38.858+0000] {logging_mixin.py:149} INFO - Performing processing for entity: fmcsa_complaints
[2024-10-15T05:01:38.883+0000] {logging_mixin.py:149} INFO - Columns deleted (all rows null): ['user_updated', 'date_updated']
[2024-10-15T05:01:38.884+0000] {logging_mixin.py:149} INFO - Total columns deleted: 2
[2024-10-15T05:01:38.888+0000] {logging_mixin.py:149} INFO - Total empty or duplicate rows removed: 0
[2024-10-15T05:01:38.906+0000] {logging_mixin.py:149} INFO - Comparing BRONZE modified at 2024-10-12 13:30:32 with SILVER last updated at 2024-10-15 04:55:45.749056
[2024-10-15T05:01:38.906+0000] {logging_mixin.py:149} INFO - No update needed. BRONZE data is older or equal to SILVER's last update.
[2024-10-15T05:01:38.915+0000] {logging_mixin.py:149} INFO - Performing processing for entity: fmcsa_safer_data
[2024-10-15T05:01:38.958+0000] {logging_mixin.py:149} INFO - Columns deleted (all rows null): ['state_carrier_id_number', 'us_iep_natl_avg_oos_pct']
[2024-10-15T05:01:38.959+0000] {logging_mixin.py:149} INFO - Total columns deleted: 2
[2024-10-15T05:01:38.972+0000] {logging_mixin.py:149} INFO - Total empty or duplicate rows removed: 0
[2024-10-15T05:01:39.028+0000] {logging_mixin.py:149} INFO - Comparing BRONZE modified at 2024-10-10 11:58:21 with SILVER last updated at 2024-10-15 04:55:45.890067
[2024-10-15T05:01:39.028+0000] {logging_mixin.py:149} INFO - No update needed. BRONZE data is older or equal to SILVER's last update.
[2024-10-15T05:01:39.056+0000] {python.py:183} INFO - Done. Returned value was: None
[2024-10-15T05:01:39.068+0000] {taskinstance.py:1350} INFO - Marking task as SUCCESS. dag_id=clever_main_DAG, task_id=process_bronze_to_silver, execution_date=20241014T002000, start_date=20241015T050133, end_date=20241015T050139
[2024-10-15T05:01:39.107+0000] {local_task_job_runner.py:225} INFO - Task exited with return code 0
[2024-10-15T05:01:39.144+0000] {taskinstance.py:2653} INFO - 1 downstream tasks scheduled from follow-on schedule check
