[2024-10-15T04:55:38.873+0000] {taskinstance.py:1103} INFO - Dependencies all met for dep_context=non-requeueable deps ti=<TaskInstance: clever_main_DAG.process_bronze_to_silver scheduled__2024-10-14T00:20:00+00:00 [queued]>
[2024-10-15T04:55:38.887+0000] {taskinstance.py:1103} INFO - Dependencies all met for dep_context=requeueable deps ti=<TaskInstance: clever_main_DAG.process_bronze_to_silver scheduled__2024-10-14T00:20:00+00:00 [queued]>
[2024-10-15T04:55:38.887+0000] {taskinstance.py:1308} INFO - Starting attempt 5 of 6
[2024-10-15T04:55:38.906+0000] {taskinstance.py:1327} INFO - Executing <Task(PythonOperator): process_bronze_to_silver> on 2024-10-14 00:20:00+00:00
[2024-10-15T04:55:38.913+0000] {standard_task_runner.py:57} INFO - Started process 4442 to run task
[2024-10-15T04:55:38.917+0000] {standard_task_runner.py:84} INFO - Running: ['***', 'tasks', 'run', 'clever_main_DAG', 'process_bronze_to_silver', 'scheduled__2024-10-14T00:20:00+00:00', '--job-id', '17', '--raw', '--subdir', 'DAGS_FOLDER/clever_main_DAG.py', '--cfg-path', '/tmp/tmpc4p3ezgd']
[2024-10-15T04:55:38.920+0000] {standard_task_runner.py:85} INFO - Job 17: Subtask process_bronze_to_silver
[2024-10-15T04:55:38.990+0000] {task_command.py:410} INFO - Running <TaskInstance: clever_main_DAG.process_bronze_to_silver scheduled__2024-10-14T00:20:00+00:00 [running]> on host 0d4cebb48579
[2024-10-15T04:55:39.105+0000] {taskinstance.py:1547} INFO - Exporting env vars: AIRFLOW_CTX_DAG_OWNER='alec.ventura, ricardo.motta' AIRFLOW_CTX_DAG_ID='clever_main_DAG' AIRFLOW_CTX_TASK_ID='process_bronze_to_silver' AIRFLOW_CTX_EXECUTION_DATE='2024-10-14T00:20:00+00:00' AIRFLOW_CTX_TRY_NUMBER='5' AIRFLOW_CTX_DAG_RUN_ID='scheduled__2024-10-14T00:20:00+00:00'
[2024-10-15T04:55:39.110+0000] {logging_mixin.py:149} INFO - Performing processing for entity: company_profiles_google_maps
[2024-10-15T04:55:39.988+0000] {logging_mixin.py:149} INFO - Columns deleted (all rows null): ['popular_times', 'typical_time_spent', 'reservation_links', 'menu_link']
[2024-10-15T04:55:39.996+0000] {logging_mixin.py:149} INFO - Total columns deleted: 4
[2024-10-15T04:55:40.088+0000] {logging_mixin.py:149} INFO - Total empty or duplicate rows removed: 0
[2024-10-15T04:55:40.401+0000] {logging_mixin.py:149} INFO - Comparing BRONZE modified at 2024-10-10 11:58:21 with SILVER last updated at 2024-10-15 03:40:20.644363
[2024-10-15T04:55:40.401+0000] {logging_mixin.py:149} INFO - No update needed. BRONZE data is older or equal to SILVER's last update.
[2024-10-15T04:55:40.842+0000] {logging_mixin.py:149} INFO - Performing processing for entity: customer_reviews_google
[2024-10-15T04:55:42.835+0000] {logging_mixin.py:149} INFO - Columns deleted (all rows null): ['review_questions']
[2024-10-15T04:55:42.840+0000] {logging_mixin.py:149} INFO - Total columns deleted: 1
[2024-10-15T04:55:42.936+0000] {logging_mixin.py:149} INFO - Total empty or duplicate rows removed: 0
[2024-10-15T04:55:44.791+0000] {logging_mixin.py:149} INFO - Comparing BRONZE modified at 2024-10-10 11:58:21 with SILVER last updated at 2024-10-15 03:40:26.799755
[2024-10-15T04:55:44.792+0000] {logging_mixin.py:149} INFO - No update needed. BRONZE data is older or equal to SILVER's last update.
[2024-10-15T04:55:45.516+0000] {logging_mixin.py:149} INFO - Performing processing for entity: fmcsa_companies
[2024-10-15T04:55:45.549+0000] {logging_mixin.py:149} INFO - Columns deleted (all rows null): []
[2024-10-15T04:55:45.550+0000] {logging_mixin.py:149} INFO - Total columns deleted: 0
[2024-10-15T04:55:45.555+0000] {logging_mixin.py:149} INFO - Total empty or duplicate rows removed: 0
[2024-10-15T04:55:45.589+0000] {logging_mixin.py:149} INFO - Comparing BRONZE modified at 2024-10-10 11:58:21 with SILVER last updated at 2024-10-15 03:40:26.941920
[2024-10-15T04:55:45.589+0000] {logging_mixin.py:149} INFO - No update needed. BRONZE data is older or equal to SILVER's last update.
[2024-10-15T04:55:45.603+0000] {logging_mixin.py:149} INFO - Performing processing for entity: fmcsa_company_snapshot
[2024-10-15T04:55:45.636+0000] {logging_mixin.py:149} INFO - Columns deleted (all rows null): []
[2024-10-15T04:55:45.637+0000] {logging_mixin.py:149} INFO - Total columns deleted: 0
[2024-10-15T04:55:45.644+0000] {logging_mixin.py:149} INFO - Total empty or duplicate rows removed: 0
[2024-10-15T04:55:45.673+0000] {logging_mixin.py:149} INFO - Comparing BRONZE modified at 2024-10-10 11:58:21 with SILVER last updated at 2024-10-15 03:40:27.063538
[2024-10-15T04:55:45.673+0000] {logging_mixin.py:149} INFO - No update needed. BRONZE data is older or equal to SILVER's last update.
[2024-10-15T04:55:45.692+0000] {logging_mixin.py:149} INFO - Performing processing for entity: fmcsa_complaints
[2024-10-15T04:55:45.716+0000] {logging_mixin.py:149} INFO - Columns deleted (all rows null): ['user_updated', 'date_updated']
[2024-10-15T04:55:45.717+0000] {logging_mixin.py:149} INFO - Total columns deleted: 2
[2024-10-15T04:55:45.721+0000] {logging_mixin.py:149} INFO - Total empty or duplicate rows removed: 0
[2024-10-15T04:55:45.739+0000] {logging_mixin.py:149} INFO - Comparing BRONZE modified at 2024-10-12 13:30:32 with SILVER last updated at 2024-10-15 03:40:27.141955
[2024-10-15T04:55:45.740+0000] {logging_mixin.py:149} INFO - No update needed. BRONZE data is older or equal to SILVER's last update.
[2024-10-15T04:55:45.750+0000] {logging_mixin.py:149} INFO - Performing processing for entity: fmcsa_safer_data
[2024-10-15T04:55:45.796+0000] {logging_mixin.py:149} INFO - Columns deleted (all rows null): ['state_carrier_id_number', 'us_iep_natl_avg_oos_pct']
[2024-10-15T04:55:45.798+0000] {logging_mixin.py:149} INFO - Total columns deleted: 2
[2024-10-15T04:55:45.810+0000] {logging_mixin.py:149} INFO - Total empty or duplicate rows removed: 0
[2024-10-15T04:55:45.867+0000] {logging_mixin.py:149} INFO - Comparing BRONZE modified at 2024-10-10 11:58:21 with SILVER last updated at 2024-10-15 03:40:27.323200
[2024-10-15T04:55:45.867+0000] {logging_mixin.py:149} INFO - No update needed. BRONZE data is older or equal to SILVER's last update.
[2024-10-15T04:55:45.892+0000] {python.py:183} INFO - Done. Returned value was: None
[2024-10-15T04:55:45.905+0000] {taskinstance.py:1350} INFO - Marking task as SUCCESS. dag_id=clever_main_DAG, task_id=process_bronze_to_silver, execution_date=20241014T002000, start_date=20241015T045538, end_date=20241015T045545
[2024-10-15T04:55:45.964+0000] {local_task_job_runner.py:225} INFO - Task exited with return code 0
[2024-10-15T04:55:45.999+0000] {taskinstance.py:2653} INFO - 1 downstream tasks scheduled from follow-on schedule check
