[2024-10-15T03:16:09.536+0000] {taskinstance.py:1103} INFO - Dependencies all met for dep_context=non-requeueable deps ti=<TaskInstance: clever_main_DAG.process_bronze_to_silver scheduled__2024-10-14T00:20:00+00:00 [queued]>
[2024-10-15T03:16:09.551+0000] {taskinstance.py:1103} INFO - Dependencies all met for dep_context=requeueable deps ti=<TaskInstance: clever_main_DAG.process_bronze_to_silver scheduled__2024-10-14T00:20:00+00:00 [queued]>
[2024-10-15T03:16:09.552+0000] {taskinstance.py:1308} INFO - Starting attempt 3 of 4
[2024-10-15T03:16:09.570+0000] {taskinstance.py:1327} INFO - Executing <Task(PythonOperator): process_bronze_to_silver> on 2024-10-14 00:20:00+00:00
[2024-10-15T03:16:09.577+0000] {standard_task_runner.py:57} INFO - Started process 2629 to run task
[2024-10-15T03:16:09.580+0000] {standard_task_runner.py:84} INFO - Running: ['***', 'tasks', 'run', 'clever_main_DAG', 'process_bronze_to_silver', 'scheduled__2024-10-14T00:20:00+00:00', '--job-id', '10', '--raw', '--subdir', 'DAGS_FOLDER/clever_main_DAG.py', '--cfg-path', '/tmp/tmp4e626j4x']
[2024-10-15T03:16:09.583+0000] {standard_task_runner.py:85} INFO - Job 10: Subtask process_bronze_to_silver
[2024-10-15T03:16:09.658+0000] {task_command.py:410} INFO - Running <TaskInstance: clever_main_DAG.process_bronze_to_silver scheduled__2024-10-14T00:20:00+00:00 [running]> on host 0d4cebb48579
[2024-10-15T03:16:09.757+0000] {taskinstance.py:1547} INFO - Exporting env vars: AIRFLOW_CTX_DAG_OWNER='alec.ventura, ricardo.motta' AIRFLOW_CTX_DAG_ID='clever_main_DAG' AIRFLOW_CTX_TASK_ID='process_bronze_to_silver' AIRFLOW_CTX_EXECUTION_DATE='2024-10-14T00:20:00+00:00' AIRFLOW_CTX_TRY_NUMBER='3' AIRFLOW_CTX_DAG_RUN_ID='scheduled__2024-10-14T00:20:00+00:00'
[2024-10-15T03:16:09.762+0000] {logging_mixin.py:149} INFO - Performing processing for entity: company_profiles_google_maps
[2024-10-15T03:16:10.705+0000] {logging_mixin.py:149} INFO - Columns deleted (all rows null): ['popular_times', 'typical_time_spent', 'reservation_links', 'menu_link']
[2024-10-15T03:16:10.710+0000] {logging_mixin.py:149} INFO - Total columns deleted: 4
[2024-10-15T03:16:10.796+0000] {logging_mixin.py:149} INFO - Total empty or duplicate rows removed: 0
[2024-10-15T03:16:11.033+0000] {logging_mixin.py:149} INFO - Comparing BRONZE modified at 2024-10-10 11:58:21 with SILVER last updated at 2024-10-14 23:38:16.014033
[2024-10-15T03:16:11.034+0000] {logging_mixin.py:149} INFO - No update needed. BRONZE data is older or equal to SILVER's last update.
[2024-10-15T03:16:11.222+0000] {logging_mixin.py:149} INFO - Performing processing for entity: customer_reviews_google
[2024-10-15T03:16:12.455+0000] {logging_mixin.py:149} INFO - Columns deleted (all rows null): ['review_questions']
[2024-10-15T03:16:12.460+0000] {logging_mixin.py:149} INFO - Total columns deleted: 1
[2024-10-15T03:16:12.549+0000] {logging_mixin.py:149} INFO - Total empty or duplicate rows removed: 0
[2024-10-15T03:16:14.247+0000] {logging_mixin.py:149} INFO - Comparing BRONZE modified at 2024-10-10 11:58:21 with SILVER last updated at 2024-10-14 23:38:19.416909
[2024-10-15T03:16:14.248+0000] {logging_mixin.py:149} INFO - No update needed. BRONZE data is older or equal to SILVER's last update.
[2024-10-15T03:16:14.455+0000] {logging_mixin.py:149} INFO - Performing processing for entity: fmcsa_companies
[2024-10-15T03:16:14.486+0000] {logging_mixin.py:149} INFO - Columns deleted (all rows null): []
[2024-10-15T03:16:14.487+0000] {logging_mixin.py:149} INFO - Total columns deleted: 0
[2024-10-15T03:16:14.493+0000] {logging_mixin.py:149} INFO - Total empty or duplicate rows removed: 0
[2024-10-15T03:16:14.524+0000] {logging_mixin.py:149} INFO - Comparing BRONZE modified at 2024-10-10 11:58:21 with SILVER last updated at 2024-10-14 23:38:20.003367
[2024-10-15T03:16:14.524+0000] {logging_mixin.py:149} INFO - No update needed. BRONZE data is older or equal to SILVER's last update.
[2024-10-15T03:16:14.538+0000] {logging_mixin.py:149} INFO - Performing processing for entity: fmcsa_company_snapshot
[2024-10-15T03:16:14.569+0000] {logging_mixin.py:149} INFO - Columns deleted (all rows null): []
[2024-10-15T03:16:14.570+0000] {logging_mixin.py:149} INFO - Total columns deleted: 0
[2024-10-15T03:16:14.576+0000] {logging_mixin.py:149} INFO - Total empty or duplicate rows removed: 0
[2024-10-15T03:16:14.604+0000] {logging_mixin.py:149} INFO - Comparing BRONZE modified at 2024-10-10 11:58:21 with SILVER last updated at 2024-10-14 23:38:20.710268
[2024-10-15T03:16:14.605+0000] {logging_mixin.py:149} INFO - No update needed. BRONZE data is older or equal to SILVER's last update.
[2024-10-15T03:16:14.625+0000] {logging_mixin.py:149} INFO - Performing processing for entity: fmcsa_complaints
[2024-10-15T03:16:14.651+0000] {logging_mixin.py:149} INFO - Columns deleted (all rows null): ['user_updated', 'date_updated']
[2024-10-15T03:16:14.652+0000] {logging_mixin.py:149} INFO - Total columns deleted: 2
[2024-10-15T03:16:14.657+0000] {logging_mixin.py:149} INFO - Total empty or duplicate rows removed: 0
[2024-10-15T03:16:14.673+0000] {logging_mixin.py:149} INFO - Comparing BRONZE modified at 2024-10-12 13:30:32 with SILVER last updated at 2024-10-14 23:38:21.027320
[2024-10-15T03:16:14.673+0000] {logging_mixin.py:149} INFO - No update needed. BRONZE data is older or equal to SILVER's last update.
[2024-10-15T03:16:14.682+0000] {logging_mixin.py:149} INFO - Performing processing for entity: fmcsa_safer_data
[2024-10-15T03:16:14.725+0000] {logging_mixin.py:149} INFO - Columns deleted (all rows null): ['state_carrier_id_number', 'us_iep_natl_avg_oos_pct']
[2024-10-15T03:16:14.726+0000] {logging_mixin.py:149} INFO - Total columns deleted: 2
[2024-10-15T03:16:14.738+0000] {logging_mixin.py:149} INFO - Total empty or duplicate rows removed: 0
[2024-10-15T03:16:14.792+0000] {logging_mixin.py:149} INFO - Comparing BRONZE modified at 2024-10-10 11:58:21 with SILVER last updated at 2024-10-14 23:38:23.149592
[2024-10-15T03:16:14.793+0000] {logging_mixin.py:149} INFO - No update needed. BRONZE data is older or equal to SILVER's last update.
[2024-10-15T03:16:14.822+0000] {python.py:183} INFO - Done. Returned value was: None
[2024-10-15T03:16:14.834+0000] {taskinstance.py:1350} INFO - Marking task as SUCCESS. dag_id=clever_main_DAG, task_id=process_bronze_to_silver, execution_date=20241014T002000, start_date=20241015T031609, end_date=20241015T031614
[2024-10-15T03:16:14.894+0000] {local_task_job_runner.py:225} INFO - Task exited with return code 0
[2024-10-15T03:16:14.919+0000] {taskinstance.py:2653} INFO - 0 downstream tasks scheduled from follow-on schedule check
